<?xml version="1.0" encoding="UTF-8"?>
<!-- Generated by org.testng.reporters.JUnitXMLReporter -->
<testsuite ignored="2" hostname="LAPTOP-ED3B4Q90" failures="0" tests="2" name="Incident" time="11.788" errors="0" timestamp="2023-02-26T08:43:16 IST">
  <testcase classname="tests.rest.TC001_CreateIncident" name="createIncident" time="7.307"/>
  <testcase classname="tests.rest.TC003_CreateChangeRequest" name="createCR" time="4.364"/>
  <testcase classname="lib.rest.PreAndTest" name="@BeforeSuite beforeSuite" time="0.0">
    <ignored/>
  </testcase> <!-- @BeforeSuite beforeSuite -->
  <testcase classname="lib.rest.PreAndTest" name="@AfterSuite afterSuite" time="0.0">
    <ignored/>
  </testcase> <!-- @AfterSuite afterSuite -->
</testsuite> <!-- Incident -->
