<?xml version="1.0" encoding="UTF-8"?>
<testng-results ignored="0" total="2" passed="2" failed="0" skipped="0">
  <reporter-output>
  </reporter-output>
  <suite started-at="2023-06-13T22:11:55 IST" name="Default suite" finished-at="2023-06-13T22:12:02 IST" duration-ms="6641">
    <groups>
    </groups>
    <test started-at="2023-06-13T22:11:55 IST" name="Default test" finished-at="2023-06-13T22:12:02 IST" duration-ms="6641">
      <class name="test.bank.TestUIBank">
        <test-method is-config="true" signature="setUp()[pri:0, instance:test.bank.TestUIBank@3e6ef8ad]" started-at="2023-06-13T22:11:55 IST" name="setUp" finished-at="2023-06-13T22:11:58 IST" duration-ms="3406" status="PASS">
          <reporter-output>
          </reporter-output>
        </test-method> <!-- setUp -->
        <test-method signature="applyLoan()[pri:0, instance:test.bank.TestUIBank@3e6ef8ad]" started-at="2023-06-13T22:11:58 IST" name="applyLoan" finished-at="2023-06-13T22:11:59 IST" duration-ms="963" status="PASS">
          <reporter-output>
          </reporter-output>
        </test-method> <!-- applyLoan -->
        <test-method is-config="true" signature="setUp()[pri:0, instance:test.bank.TestUIBank@3e6ef8ad]" started-at="2023-06-13T22:11:59 IST" name="setUp" finished-at="2023-06-13T22:12:01 IST" duration-ms="1200" status="PASS">
          <reporter-output>
          </reporter-output>
        </test-method> <!-- setUp -->
        <test-method signature="createAccount()[pri:0, instance:test.bank.TestUIBank@3e6ef8ad]" started-at="2023-06-13T22:12:01 IST" name="createAccount" finished-at="2023-06-13T22:12:02 IST" duration-ms="1039" status="PASS">
          <reporter-output>
          </reporter-output>
        </test-method> <!-- createAccount -->
      </class> <!-- test.bank.TestUIBank -->
    </test> <!-- Default test -->
  </suite> <!-- Default suite -->
</testng-results>
